<?xml version="1.0" encoding="UTF-8"?>
<!-- Generated by org.testng.reporters.JUnitReportReporter -->
<testsuite hostname="LAPTOP-OGM2CVD7" name="SeleniumPractice.StreamFilter" tests="1" failures="0" timestamp="24 Oct 2020 12:28:28 GMT" time="0.065" errors="0">
  <testcase name="Steamtest1" time="0.065" classname="SeleniumPractice.StreamFilter"/>
</testsuite> <!-- SeleniumPractice.StreamFilter -->
